# JRE version: OpenJDK Runtime Environment (17.0.7) (build 17.0.7+0-b2043.56-10550314)
# Java VM: OpenJDK 64-Bit Server VM (17.0.7+0-b2043.56-10550314, mixed mode, tiered, compressed oops, compressed class ptrs, g1 gc, windows-amd64)
GC Precious Log:
 CPUs: 2 total, 2 available
 Memory: 3973M
 Large Page Support: Disabled
 NUMA Support: Disabled
 Compressed Oops: Enabled (Zero based)
 Heap Region Size: 2M
 Heap Min Capacity: 8M
 Heap Initial Capacity: 64M
 Heap Max Capacity: 4G
 Pre-touch: Disabled
 Parallel Workers: 2
 Concurrent Workers: 1
 Concurrent Refinement Workers: 2
 Periodic GC: Disabled
Heap:
 garbage-first heap   total 294912K, used 133554K [0x0000000700000000, 0x0000000800000000)
  region size 2048K, 5 young (10240K), 1 survivors (2048K)
 Metaspace       used 121979K, committed 122560K, reserved 1179648K
  class space    used 15021K, committed 15296K, reserved 1048576K
GC Heap History (20 events):
Event: 407.932 GC heap before
{Heap before GC invocations=100 (full 0):
 garbage-first heap   total 294912K, used 252166K [0x0000000700000000, 0x0000000800000000)
  region size 2048K, 73 young (149504K), 4 survivors (8192K)
 Metaspace       used 106695K, committed 107264K, reserved 1179648K
  class space    used 12769K, committed 13056K, reserved 1048576K
}
Event: 407.958 GC heap after
{Heap after GC invocations=101 (full 0):
 garbage-first heap   total 294912K, used 101495K [0x0000000700000000, 0x0000000800000000)
  region size 2048K, 3 young (6144K), 3 survivors (6144K)
 Metaspace       used 106695K, committed 107264K, reserved 1179648K
  class space    used 12769K, committed 13056K, reserved 1048576K
}
Event: 420.965 GC heap before
{Heap before GC invocations=101 (full 0):
 garbage-first heap   total 294912K, used 257143K [0x0000000700000000, 0x0000000800000000)
  region size 2048K, 77 young (157696K), 3 survivors (6144K)
 Metaspace       used 107089K, committed 107712K, reserved 1179648K
  class space    used 12848K, committed 13120K, reserved 1048576K
}
Event: 420.999 GC heap after
{Heap after GC invocations=102 (full 0):
 garbage-first heap   total 294912K, used 101271K [0x0000000700000000, 0x0000000800000000)
  region size 2048K, 3 young (6144K), 3 survivors (6144K)
 Metaspace       used 107089K, committed 107712K, reserved 1179648K
  class space    used 12848K, committed 13120K, reserved 1048576K
}
Event: 450.907 GC heap before
{Heap before GC invocations=102 (full 0):
 garbage-first heap   total 294912K, used 265111K [0x0000000700000000, 0x0000000800000000)
  region size 2048K, 77 young (157696K), 3 survivors (6144K)
 Metaspace       used 112682K, committed 113216K, reserved 1179648K
  class space    used 13567K, committed 13824K, reserved 1048576K
}
Event: 451.010 GC heap after
{Heap after GC invocations=103 (full 0):
 garbage-first heap   total 294912K, used 123876K [0x0000000700000000, 0x0000000800000000)
  region size 2048K, 10 young (20480K), 10 survivors (20480K)
 Metaspace       used 112682K, committed 113216K, reserved 1179648K
  class space    used 13567K, committed 13824K, reserved 1048576K
}
Event: 479.212 GC heap before
{Heap before GC invocations=103 (full 0):
 garbage-first heap   total 294912K, used 240612K [0x0000000700000000, 0x0000000800000000)
  region size 2048K, 67 young (137216K), 10 survivors (20480K)
 Metaspace       used 118476K, committed 119040K, reserved 1179648K
  class space    used 14513K, committed 14784K, reserved 1048576K
}
Event: 479.736 GC heap after
{Heap after GC invocations=104 (full 0):
 garbage-first heap   total 294912K, used 126863K [0x0000000700000000, 0x0000000800000000)
  region size 2048K, 2 young (4096K), 2 survivors (4096K)
 Metaspace       used 118476K, committed 119040K, reserved 1179648K
  class space    used 14513K, committed 14784K, reserved 1048576K
}
Event: 504.876 GC heap before
{Heap before GC invocations=104 (full 0):
 garbage-first heap   total 294912K, used 241551K [0x0000000700000000, 0x0000000800000000)
  region size 2048K, 58 young (118784K), 2 survivors (4096K)
 Metaspace       used 121813K, committed 122432K, reserved 1179648K
  class space    used 14997K, committed 15296K, reserved 1048576K
}
Event: 504.906 GC heap after
{Heap after GC invocations=105 (full 0):
 garbage-first heap   total 294912K, used 128987K [0x0000000700000000, 0x0000000800000000)
  region size 2048K, 3 young (6144K), 3 survivors (6144K)
 Metaspace       used 121813K, committed 122432K, reserved 1179648K
  class space    used 14997K, committed 15296K, reserved 1048576K
}
Event: 515.773 GC heap before
{Heap before GC invocations=105 (full 0):
 garbage-first heap   total 294912K, used 243675K [0x0000000700000000, 0x0000000800000000)
  region size 2048K, 59 young (120832K), 3 survivors (6144K)
 Metaspace       used 121815K, committed 122432K, reserved 1179648K
  class space    used 14998K, committed 15296K, reserved 1048576K
}
Event: 515.796 GC heap after
{Heap after GC invocations=106 (full 0):
 garbage-first heap   total 294912K, used 129935K [0x0000000700000000, 0x0000000800000000)
  region size 2048K, 3 young (6144K), 3 survivors (6144K)
 Metaspace       used 121815K, committed 122432K, reserved 1179648K
  class space    used 14998K, committed 15296K, reserved 1048576K
}
Event: 533.563 GC heap before
{Heap before GC invocations=106 (full 0):
 garbage-first heap   total 294912K, used 246671K [0x0000000700000000, 0x0000000800000000)
  region size 2048K, 60 young (122880K), 3 survivors (6144K)
 Metaspace       used 121820K, committed 122432K, reserved 1179648K
  class space    used 14998K, committed 15296K, reserved 1048576K
}
Event: 533.594 GC heap after
{Heap after GC invocations=107 (full 0):
 garbage-first heap   total 294912K, used 131983K [0x0000000700000000, 0x0000000800000000)
  region size 2048K, 4 young (8192K), 4 survivors (8192K)
 Metaspace       used 121820K, committed 122432K, reserved 1179648K
  class space    used 14998K, committed 15296K, reserved 1048576K
}
Event: 548.070 GC heap before
{Heap before GC invocations=107 (full 0):
 garbage-first heap   total 294912K, used 248719K [0x0000000700000000, 0x0000000800000000)
  region size 2048K, 61 young (124928K), 4 survivors (8192K)
 Metaspace       used 121821K, committed 122432K, reserved 1179648K
  class space    used 14998K, committed 15296K, reserved 1048576K
}
Event: 548.098 GC heap after
{Heap after GC invocations=108 (full 0):
 garbage-first heap   total 294912K, used 134031K [0x0000000700000000, 0x0000000800000000)
  region size 2048K, 5 young (10240K), 5 survivors (10240K)
 Metaspace       used 121821K, committed 122432K, reserved 1179648K
  class space    used 14998K, committed 15296K, reserved 1048576K
}
Event: 562.944 GC heap before
{Heap before GC invocations=108 (full 0):
 garbage-first heap   total 294912K, used 250767K [0x0000000700000000, 0x0000000800000000)
  region size 2048K, 62 young (126976K), 5 survivors (10240K)
 Metaspace       used 121904K, committed 122496K, reserved 1179648K
  class space    used 15013K, committed 15296K, reserved 1048576K
}
Event: 562.965 GC heap after
{Heap after GC invocations=109 (full 0):
 garbage-first heap   total 294912K, used 127481K [0x0000000700000000, 0x0000000800000000)
  region size 2048K, 1 young (2048K), 1 survivors (2048K)
 Metaspace       used 121904K, committed 122496K, reserved 1179648K
  class space    used 15013K, committed 15296K, reserved 1048576K
}
Event: 580.555 GC heap before
{Heap before GC invocations=109 (full 0):
 garbage-first heap   total 294912K, used 250361K [0x0000000700000000, 0x0000000800000000)
  region size 2048K, 61 young (124928K), 1 survivors (2048K)
 Metaspace       used 121929K, committed 122496K, reserved 1179648K
  class space    used 15013K, committed 15296K, reserved 1048576K
}
Event: 580.605 GC heap after
{Heap after GC invocations=110 (full 0):
 garbage-first heap   total 294912K, used 127410K [0x0000000700000000, 0x0000000800000000)
  region size 2048K, 1 young (2048K), 1 survivors (2048K)
 Metaspace       used 121929K, committed 122496K, reserved 1179648K
  class space    used 15013K, committed 15296K, reserved 1048576K
}

