# JRE version: OpenJDK Runtime Environment (17.0.7) (build 17.0.7+0-b2043.56-10550314)
# Java VM: OpenJDK 64-Bit Server VM (17.0.7+0-b2043.56-10550314, mixed mode, tiered, compressed oops, compressed class ptrs, g1 gc, windows-amd64)
GC Precious Log:
 CPUs: 2 total, 2 available
 Memory: 3973M
 Large Page Support: Disabled
 NUMA Support: Disabled
 Compressed Oops: Enabled (Zero based)
 Heap Region Size: 2M
 Heap Min Capacity: 8M
 Heap Initial Capacity: 64M
 Heap Max Capacity: 4G
 Pre-touch: Disabled
 Parallel Workers: 2
 Concurrent Workers: 1
 Concurrent Refinement Workers: 2
 Periodic GC: Disabled
Heap:
 garbage-first heap   total 319488K, used 85379K [0x0000000700000000, 0x0000000800000000)
  region size 2048K, 1 young (2048K), 1 survivors (2048K)
 Metaspace       used 124023K, committed 124736K, reserved 1179648K
  class space    used 16100K, committed 16448K, reserved 1048576K
GC Heap History (20 events):
Event: 1637.524 GC heap after
{Heap after GC invocations=76 (full 0):
 garbage-first heap   total 319488K, used 77712K [0x0000000700000000, 0x0000000800000000)
  region size 2048K, 4 young (8192K), 4 survivors (8192K)
 Metaspace       used 120493K, committed 121152K, reserved 1179648K
  class space    used 15788K, committed 16064K, reserved 1048576K
}
Event: 1641.992 GC heap before
{Heap before GC invocations=76 (full 0):
 garbage-first heap   total 319488K, used 264080K [0x0000000700000000, 0x0000000800000000)
  region size 2048K, 93 young (190464K), 4 survivors (8192K)
 Metaspace       used 120493K, committed 121152K, reserved 1179648K
  class space    used 15788K, committed 16064K, reserved 1048576K
}
Event: 1642.006 GC heap after
{Heap after GC invocations=77 (full 0):
 garbage-first heap   total 319488K, used 77513K [0x0000000700000000, 0x0000000800000000)
  region size 2048K, 4 young (8192K), 4 survivors (8192K)
 Metaspace       used 120493K, committed 121152K, reserved 1179648K
  class space    used 15788K, committed 16064K, reserved 1048576K
}
Event: 1646.624 GC heap before
{Heap before GC invocations=77 (full 0):
 garbage-first heap   total 319488K, used 259785K [0x0000000700000000, 0x0000000800000000)
  region size 2048K, 93 young (190464K), 4 survivors (8192K)
 Metaspace       used 120495K, committed 121152K, reserved 1179648K
  class space    used 15788K, committed 16064K, reserved 1048576K
}
Event: 1646.638 GC heap after
{Heap after GC invocations=78 (full 0):
 garbage-first heap   total 319488K, used 78526K [0x0000000700000000, 0x0000000800000000)
  region size 2048K, 4 young (8192K), 4 survivors (8192K)
 Metaspace       used 120495K, committed 121152K, reserved 1179648K
  class space    used 15788K, committed 16064K, reserved 1048576K
}
Event: 1650.579 GC heap before
{Heap before GC invocations=78 (full 0):
 garbage-first heap   total 319488K, used 260798K [0x0000000700000000, 0x0000000800000000)
  region size 2048K, 93 young (190464K), 4 survivors (8192K)
 Metaspace       used 120495K, committed 121152K, reserved 1179648K
  class space    used 15788K, committed 16064K, reserved 1048576K
}
Event: 1650.592 GC heap after
{Heap after GC invocations=79 (full 0):
 garbage-first heap   total 319488K, used 79026K [0x0000000700000000, 0x0000000800000000)
  region size 2048K, 4 young (8192K), 4 survivors (8192K)
 Metaspace       used 120495K, committed 121152K, reserved 1179648K
  class space    used 15788K, committed 16064K, reserved 1048576K
}
Event: 1771.444 GC heap before
{Heap before GC invocations=79 (full 0):
 garbage-first heap   total 319488K, used 261298K [0x0000000700000000, 0x0000000800000000)
  region size 2048K, 93 young (190464K), 4 survivors (8192K)
 Metaspace       used 123274K, committed 123904K, reserved 1179648K
  class space    used 16067K, committed 16384K, reserved 1048576K
}
Event: 1771.471 GC heap after
{Heap after GC invocations=80 (full 0):
 garbage-first heap   total 319488K, used 80431K [0x0000000700000000, 0x0000000800000000)
  region size 2048K, 5 young (10240K), 5 survivors (10240K)
 Metaspace       used 123274K, committed 123904K, reserved 1179648K
  class space    used 16067K, committed 16384K, reserved 1048576K
}
Event: 1986.839 GC heap before
{Heap before GC invocations=80 (full 0):
 garbage-first heap   total 319488K, used 258607K [0x0000000700000000, 0x0000000800000000)
  region size 2048K, 93 young (190464K), 5 survivors (10240K)
 Metaspace       used 123993K, committed 124608K, reserved 1179648K
  class space    used 16098K, committed 16384K, reserved 1048576K
}
Event: 1994.112 GC heap after
{Heap after GC invocations=81 (full 0):
 garbage-first heap   total 319488K, used 86104K [0x0000000700000000, 0x0000000800000000)
  region size 2048K, 7 young (14336K), 7 survivors (14336K)
 Metaspace       used 123993K, committed 124608K, reserved 1179648K
  class space    used 16098K, committed 16384K, reserved 1048576K
}
Event: 1994.749 GC heap before
{Heap before GC invocations=81 (full 0):
 garbage-first heap   total 319488K, used 86104K [0x0000000700000000, 0x0000000800000000)
  region size 2048K, 8 young (16384K), 7 survivors (14336K)
 Metaspace       used 123994K, committed 124608K, reserved 1179648K
  class space    used 16098K, committed 16384K, reserved 1048576K
}
Event: 1995.985 GC heap after
{Heap after GC invocations=82 (full 0):
 garbage-first heap   total 319488K, used 86603K [0x0000000700000000, 0x0000000800000000)
  region size 2048K, 1 young (2048K), 1 survivors (2048K)
 Metaspace       used 123994K, committed 124608K, reserved 1179648K
  class space    used 16098K, committed 16384K, reserved 1048576K
}
Event: 1997.176 GC heap before
{Heap before GC invocations=82 (full 0):
 garbage-first heap   total 319488K, used 96843K [0x0000000700000000, 0x0000000800000000)
  region size 2048K, 7 young (14336K), 1 survivors (2048K)
 Metaspace       used 123998K, committed 124608K, reserved 1179648K
  class space    used 16099K, committed 16384K, reserved 1048576K
}
Event: 1997.188 GC heap after
{Heap after GC invocations=83 (full 0):
 garbage-first heap   total 319488K, used 85127K [0x0000000700000000, 0x0000000800000000)
  region size 2048K, 1 young (2048K), 1 survivors (2048K)
 Metaspace       used 123998K, committed 124608K, reserved 1179648K
  class space    used 16099K, committed 16384K, reserved 1048576K
}
Event: 1997.866 GC heap before
{Heap before GC invocations=83 (full 0):
 garbage-first heap   total 319488K, used 101511K [0x0000000700000000, 0x0000000800000000)
  region size 2048K, 9 young (18432K), 1 survivors (2048K)
 Metaspace       used 124012K, committed 124736K, reserved 1179648K
  class space    used 16100K, committed 16448K, reserved 1048576K
}
Event: 1997.878 GC heap after
{Heap after GC invocations=84 (full 0):
 garbage-first heap   total 319488K, used 84903K [0x0000000700000000, 0x0000000800000000)
  region size 2048K, 1 young (2048K), 1 survivors (2048K)
 Metaspace       used 124012K, committed 124736K, reserved 1179648K
  class space    used 16100K, committed 16448K, reserved 1048576K
}
Event: 2000.218 GC heap before
{Heap before GC invocations=84 (full 0):
 garbage-first heap   total 319488K, used 111527K [0x0000000700000000, 0x0000000800000000)
  region size 2048K, 15 young (30720K), 1 survivors (2048K)
 Metaspace       used 124023K, committed 124736K, reserved 1179648K
  class space    used 16100K, committed 16448K, reserved 1048576K
}
Event: 2000.281 GC heap after
{Heap after GC invocations=85 (full 0):
 garbage-first heap   total 319488K, used 85065K [0x0000000700000000, 0x0000000800000000)
  region size 2048K, 1 young (2048K), 1 survivors (2048K)
 Metaspace       used 124023K, committed 124736K, reserved 1179648K
  class space    used 16100K, committed 16448K, reserved 1048576K
}
Event: 2004.382 GC heap before
{Heap before GC invocations=85 (full 0):
 garbage-first heap   total 319488K, used 134217K [0x0000000700000000, 0x0000000800000000)
  region size 2048K, 26 young (53248K), 1 survivors (2048K)
 Metaspace       used 124023K, committed 124736K, reserved 1179648K
  class space    used 16100K, committed 16448K, reserved 1048576K
}

